app/build/intermediates/manifest_merge_blame_file/debug/processDebugMainManifest/manifest-merger-blame-debug-report.txt
1<?xml version="1.0" encoding="utf-8"?>
2<manifest xmlns:android="http://schemas.android.com/apk/res/android"
3    package="com.example.obdreader"
4    android:versionCode="1"
5    android:versionName="1.0" >
6
7    <uses-sdk
8        android:minSdkVersion="24"
9        android:targetSdkVersion="35" />
10
11    <uses-permission
11-->src/main/AndroidManifest.xml:3:5-5:38
12        android:name="android.permission.BLUETOOTH"
12-->src/main/AndroidManifest.xml:4:9-52
13        android:maxSdkVersion="30" />
13-->src/main/AndroidManifest.xml:5:9-35
14    <uses-permission
14-->src/main/AndroidManifest.xml:6:5-8:38
15        android:name="android.permission.BLUETOOTH_ADMIN"
15-->src/main/AndroidManifest.xml:7:9-58
16        android:maxSdkVersion="30" />
16-->src/main/AndroidManifest.xml:8:9-35
17    <uses-permission
17-->src/main/AndroidManifest.xml:9:5-11:38
18        android:name="android.permission.ACCESS_FINE_LOCATION"
18-->src/main/AndroidManifest.xml:10:9-63
19        android:maxSdkVersion="30" />
19-->src/main/AndroidManifest.xml:11:9-35
20    <uses-permission android:name="android.permission.BLUETOOTH_CONNECT" />
20-->src/main/AndroidManifest.xml:12:5-76
20-->src/main/AndroidManifest.xml:12:22-73
21    <uses-permission
21-->src/main/AndroidManifest.xml:13:5-15:58
22        android:name="android.permission.BLUETOOTH_SCAN"
22-->src/main/AndroidManifest.xml:14:9-57
23        android:usesPermissionFlags="neverForLocation" />
23-->src/main/AndroidManifest.xml:15:9-55
24    <uses-permission android:name="androidx.car.app.ACCESS_SURFACE" />
24-->src/main/AndroidManifest.xml:16:5-71
24-->src/main/AndroidManifest.xml:16:22-68
25    <uses-permission android:name="android.permission.FOREGROUND_SERVICE" />
25-->src/main/AndroidManifest.xml:17:5-77
25-->src/main/AndroidManifest.xml:17:22-74
26
27    <uses-feature
27-->src/main/AndroidManifest.xml:18:5-20:35
28        android:name="android.hardware.bluetooth_le"
28-->src/main/AndroidManifest.xml:19:9-53
29        android:required="true" />
29-->src/main/AndroidManifest.xml:20:9-32
30
31    <queries>
31-->src/main/AndroidManifest.xml:22:5-26:15
32        <intent>
32-->src/main/AndroidManifest.xml:23:9-25:18
33            <action android:name="androidx.car.app.CarAppService" />
33-->src/main/AndroidManifest.xml:24:13-69
33-->src/main/AndroidManifest.xml:24:21-66
34        </intent>
35
36        <provider
36-->[androidx.car.app:app:1.4.0] AndroidManifest.xml:24:9-27:43
37            android:name="androidx.car.app.connection.provider"
37-->[androidx.car.app:app:1.4.0] AndroidManifest.xml:25:13-64
38            android:authorities="androidx.car.app.connection" />
38-->[androidx.car.app:app:1.4.0] AndroidManifest.xml:26:13-62
39    </queries>
40
41    <permission
41-->[androidx.core:core:1.13.1] AndroidManifest.xml:22:5-24:47
42        android:name="com.example.obdreader.DYNAMIC_RECEIVER_NOT_EXPORTED_PERMISSION"
42-->[androidx.core:core:1.13.1] AndroidManifest.xml:23:9-81
43        android:protectionLevel="signature" />
43-->[androidx.core:core:1.13.1] AndroidManifest.xml:24:9-44
44
45    <uses-permission android:name="com.example.obdreader.DYNAMIC_RECEIVER_NOT_EXPORTED_PERMISSION" />
45-->[androidx.core:core:1.13.1] AndroidManifest.xml:26:5-97
45-->[androidx.core:core:1.13.1] AndroidManifest.xml:26:22-94
46
47    <application
47-->src/main/AndroidManifest.xml:28:5-60:19
48        android:name="com.example.obdreader.ObdReaderApp"
48-->src/main/AndroidManifest.xml:29:9-37
49        android:allowBackup="true"
49-->src/main/AndroidManifest.xml:30:9-35
50        android:appComponentFactory="androidx.core.app.CoreComponentFactory"
50-->[androidx.core:core:1.13.1] AndroidManifest.xml:28:18-86
51        android:debuggable="true"
52        android:extractNativeLibs="false"
53        android:label="@string/app_name"
53-->src/main/AndroidManifest.xml:31:9-41
54        android:supportsRtl="true"
54-->src/main/AndroidManifest.xml:32:9-35
55        android:testOnly="true"
56        android:theme="@style/Theme.ObdReader" >
56-->src/main/AndroidManifest.xml:33:9-47
57        <meta-data
57-->src/main/AndroidManifest.xml:35:9-37:59
58            android:name="com.google.android.gms.car.application"
58-->src/main/AndroidManifest.xml:36:13-66
59            android:resource="@xml/automotive_app_desc" />
59-->src/main/AndroidManifest.xml:37:13-56
60        <meta-data
60-->src/main/AndroidManifest.xml:38:9-40:33
61            android:name="androidx.car.app.minCarApiLevel"
61-->src/main/AndroidManifest.xml:39:13-59
62            android:value="1" />
62-->src/main/AndroidManifest.xml:40:13-30
63
64        <activity
64-->src/main/AndroidManifest.xml:42:9-49:20
65            android:name="com.example.obdreader.ui.MainActivity"
65-->src/main/AndroidManifest.xml:43:13-44
66            android:exported="true" >
66-->src/main/AndroidManifest.xml:44:13-36
67            <intent-filter>
67-->src/main/AndroidManifest.xml:45:13-48:29
68                <action android:name="android.intent.action.MAIN" />
68-->src/main/AndroidManifest.xml:46:17-69
68-->src/main/AndroidManifest.xml:46:25-66
69
70                <category android:name="android.intent.category.LAUNCHER" />
70-->src/main/AndroidManifest.xml:47:17-77
70-->src/main/AndroidManifest.xml:47:27-74
71            </intent-filter>
72        </activity>
73
74        <service
74-->src/main/AndroidManifest.xml:51:9-59:19
75            android:name="com.example.obdreader.car.ObdCarAppService"
75-->src/main/AndroidManifest.xml:52:13-49
76            android:exported="true"
76-->src/main/AndroidManifest.xml:53:13-36
77            android:foregroundServiceType="connectedDevice" >
77-->src/main/AndroidManifest.xml:54:13-60
78            <intent-filter>
78-->src/main/AndroidManifest.xml:55:13-58:29
79                <action android:name="androidx.car.app.CarAppService" />
79-->src/main/AndroidManifest.xml:24:13-69
79-->src/main/AndroidManifest.xml:24:21-66
80
81                <category android:name="androidx.car.app.category.IOT" />
81-->src/main/AndroidManifest.xml:57:17-74
81-->src/main/AndroidManifest.xml:57:27-71
82            </intent-filter>
83        </service>
84
85        <activity
85-->[androidx.car.app:app:1.4.0] AndroidManifest.xml:31:9-34:75
86            android:name="androidx.car.app.CarAppPermissionActivity"
86-->[androidx.car.app:app:1.4.0] AndroidManifest.xml:32:13-69
87            android:exported="false"
87-->[androidx.car.app:app:1.4.0] AndroidManifest.xml:33:13-37
88            android:theme="@android:style/Theme.Translucent.NoTitleBar" />
88-->[androidx.car.app:app:1.4.0] AndroidManifest.xml:34:13-72
89
90        <receiver
90-->[androidx.car.app:app:1.4.0] AndroidManifest.xml:36:9-38:40
91            android:name="androidx.car.app.notification.CarAppNotificationBroadcastReceiver"
91-->[androidx.car.app:app:1.4.0] AndroidManifest.xml:37:13-93
92            android:exported="false" />
92-->[androidx.car.app:app:1.4.0] AndroidManifest.xml:38:13-37
93
94        <provider
94-->[androidx.emoji2:emoji2:1.3.0] AndroidManifest.xml:24:9-32:20
95            android:name="androidx.startup.InitializationProvider"
95-->[androidx.emoji2:emoji2:1.3.0] AndroidManifest.xml:25:13-67
96            android:authorities="com.example.obdreader.androidx-startup"
96-->[androidx.emoji2:emoji2:1.3.0] AndroidManifest.xml:26:13-68
97            android:exported="false" >
97-->[androidx.emoji2:emoji2:1.3.0] AndroidManifest.xml:27:13-37
98            <meta-data
98-->[androidx.emoji2:emoji2:1.3.0] AndroidManifest.xml:29:13-31:52
99                android:name="androidx.emoji2.text.EmojiCompatInitializer"
99-->[androidx.emoji2:emoji2:1.3.0] AndroidManifest.xml:30:17-75
100                android:value="androidx.startup" />
100-->[androidx.emoji2:emoji2:1.3.0] AndroidManifest.xml:31:17-49
101            <meta-data
101-->[androidx.lifecycle:lifecycle-process:2.8.4] AndroidManifest.xml:29:13-31:52
102                android:name="androidx.lifecycle.ProcessLifecycleInitializer"
102-->[androidx.lifecycle:lifecycle-process:2.8.4] AndroidManifest.xml:30:17-78
103                android:value="androidx.startup" />
103-->[androidx.lifecycle:lifecycle-process:2.8.4] AndroidManifest.xml:31:17-49
104            <meta-data
104-->[androidx.profileinstaller:profileinstaller:1.3.1] AndroidManifest.xml:29:13-31:52
105                android:name="androidx.profileinstaller.ProfileInstallerInitializer"
105-->[androidx.profileinstaller:profileinstaller:1.3.1] AndroidManifest.xml:30:17-85
106                android:value="androidx.startup" />
106-->[androidx.profileinstaller:profileinstaller:1.3.1] AndroidManifest.xml:31:17-49
107        </provider>
108
109        <receiver
109-->[androidx.profileinstaller:profileinstaller:1.3.1] AndroidManifest.xml:34:9-52:20
110            android:name="androidx.profileinstaller.ProfileInstallReceiver"
110-->[androidx.profileinstaller:profileinstaller:1.3.1] AndroidManifest.xml:35:13-76
111            android:directBootAware="false"
111-->[androidx.profileinstaller:profileinstaller:1.3.1] AndroidManifest.xml:36:13-44
112            android:enabled="true"
112-->[androidx.profileinstaller:profileinstaller:1.3.1] AndroidManifest.xml:37:13-35
113            android:exported="true"
113-->[androidx.profileinstaller:profileinstaller:1.3.1] AndroidManifest.xml:38:13-36
114            android:permission="android.permission.DUMP" >
114-->[androidx.profileinstaller:profileinstaller:1.3.1] AndroidManifest.xml:39:13-57
115            <intent-filter>
115-->[androidx.profileinstaller:profileinstaller:1.3.1] AndroidManifest.xml:40:13-42:29
116                <action android:name="androidx.profileinstaller.action.INSTALL_PROFILE" />
116-->[androidx.profileinstaller:profileinstaller:1.3.1] AndroidManifest.xml:41:17-91
116-->[androidx.profileinstaller:profileinstaller:1.3.1] AndroidManifest.xml:41:25-88
117            </intent-filter>
118            <intent-filter>
118-->[androidx.profileinstaller:profileinstaller:1.3.1] AndroidManifest.xml:43:13-45:29
119                <action android:name="androidx.profileinstaller.action.SKIP_FILE" />
119-->[androidx.profileinstaller:profileinstaller:1.3.1] AndroidManifest.xml:44:17-85
119-->[androidx.profileinstaller:profileinstaller:1.3.1] AndroidManifest.xml:44:25-82
120            </intent-filter>
121            <intent-filter>
121-->[androidx.profileinstaller:profileinstaller:1.3.1] AndroidManifest.xml:46:13-48:29
122                <action android:name="androidx.profileinstaller.action.SAVE_PROFILE" />
122-->[androidx.profileinstaller:profileinstaller:1.3.1] AndroidManifest.xml:47:17-88
122-->[androidx.profileinstaller:profileinstaller:1.3.1] AndroidManifest.xml:47:25-85
123            </intent-filter>
124            <intent-filter>
124-->[androidx.profileinstaller:profileinstaller:1.3.1] AndroidManifest.xml:49:13-51:29
125                <action android:name="androidx.profileinstaller.action.BENCHMARK_OPERATION" />
125-->[androidx.profileinstaller:profileinstaller:1.3.1] AndroidManifest.xml:50:17-95
125-->[androidx.profileinstaller:profileinstaller:1.3.1] AndroidManifest.xml:50:25-92
126            </intent-filter>
127        </receiver>
128    </application>
129
130</manifest>